<?xml version="1.0" encoding="UTF-8" standalone="no"?>
<!DOCTYPE log SYSTEM "logger.dtd">
<log>
<record>
  <date>2018-02-24T20:19:00</date>
  <millis>1519483740801</millis>
  <sequence>0</sequence>
  <logger>global</logger>
  <level>INFO</level>
  <class>multitoolapp.log.LogFile</class>
  <method>setupLogger</method>
  <thread>13</thread>
  <message>Logging has been started</message>
</record>
<record>
  <date>2018-02-24T20:19:00</date>
  <millis>1519483740815</millis>
  <sequence>1</sequence>
  <logger>global</logger>
  <level>INFO</level>
  <class>multitoolapp.ui.mainApp.MAinAppFXMLController</class>
  <method>initialize</method>
  <thread>13</thread>
  <message>Main App Window has been Initilised</message>
</record>
</log>
